0 info it worked if it ends with ok
1 verbose cli [ 'C:\\Program Files\\nodejs\\node.exe',
1 verbose cli   'C:\\Program Files\\nodejs\\node_modules\\npm\\bin\\npm-cli.js',
1 verbose cli   'install',
1 verbose cli   'rpi-dht-sensor' ]
2 info using npm@3.10.10
3 info using node@v6.10.0
4 silly loadCurrentTree Starting
5 silly install loadCurrentTree
6 silly install readLocalPackageData
7 silly fetchPackageMetaData rpi-dht-sensor
8 silly fetchNamedPackageData rpi-dht-sensor
9 silly mapToRegistry name rpi-dht-sensor
10 silly mapToRegistry using default registry
11 silly mapToRegistry registry https://registry.npmjs.org/
12 silly mapToRegistry data Result {
12 silly mapToRegistry   raw: 'rpi-dht-sensor',
12 silly mapToRegistry   scope: null,
12 silly mapToRegistry   escapedName: 'rpi-dht-sensor',
12 silly mapToRegistry   name: 'rpi-dht-sensor',
12 silly mapToRegistry   rawSpec: '',
12 silly mapToRegistry   spec: 'latest',
12 silly mapToRegistry   type: 'tag' }
13 silly mapToRegistry uri https://registry.npmjs.org/rpi-dht-sensor
14 verbose request uri https://registry.npmjs.org/rpi-dht-sensor
15 verbose request no auth needed
16 info attempt registry request try #1 at 11:53:29 PM
17 verbose request id aa29c9e3f101e7b4
18 http request GET https://registry.npmjs.org/rpi-dht-sensor
19 http 200 https://registry.npmjs.org/rpi-dht-sensor
20 verbose headers { server: 'nginx/1.10.1',
20 verbose headers   'content-type': 'application/json',
20 verbose headers   'last-modified': 'Sun, 13 Mar 2016 14:19:36 GMT',
20 verbose headers   etag: 'W/"56e576f8-16e7"',
20 verbose headers   'content-encoding': 'gzip',
20 verbose headers   'cache-control': 'max-age=300',
20 verbose headers   'content-length': '1948',
20 verbose headers   'accept-ranges': 'bytes',
20 verbose headers   date: 'Fri, 28 Jul 2017 21:53:28 GMT',
20 verbose headers   via: '1.1 varnish',
20 verbose headers   age: '0',
20 verbose headers   connection: 'keep-alive',
20 verbose headers   'x-served-by': 'cache-hhn1520-HHN',
20 verbose headers   'x-cache': 'MISS',
20 verbose headers   'x-cache-hits': '0',
20 verbose headers   'x-timer': 'S1501278809.875410,VS0,VE25',
20 verbose headers   vary: 'Accept-Encoding, Accept' }
21 silly get cb [ 200,
21 silly get   { server: 'nginx/1.10.1',
21 silly get     'content-type': 'application/json',
21 silly get     'last-modified': 'Sun, 13 Mar 2016 14:19:36 GMT',
21 silly get     etag: 'W/"56e576f8-16e7"',
21 silly get     'content-encoding': 'gzip',
21 silly get     'cache-control': 'max-age=300',
21 silly get     'content-length': '1948',
21 silly get     'accept-ranges': 'bytes',
21 silly get     date: 'Fri, 28 Jul 2017 21:53:28 GMT',
21 silly get     via: '1.1 varnish',
21 silly get     age: '0',
21 silly get     connection: 'keep-alive',
21 silly get     'x-served-by': 'cache-hhn1520-HHN',
21 silly get     'x-cache': 'MISS',
21 silly get     'x-cache-hits': '0',
21 silly get     'x-timer': 'S1501278809.875410,VS0,VE25',
21 silly get     vary: 'Accept-Encoding, Accept' } ]
22 verbose get saving rpi-dht-sensor to C:\Users\dougl\AppData\Roaming\npm-cache\registry.npmjs.org\rpi-dht-sensor\.cache.json
23 verbose correctMkdir C:\Users\dougl\AppData\Roaming\npm-cache correctMkdir not in flight; initializing
24 silly install normalizeTree
25 silly loadCurrentTree Finishing
26 silly loadIdealTree Starting
27 silly install loadIdealTree
28 silly cloneCurrentTree Starting
29 silly install cloneCurrentTreeToIdealTree
30 silly cloneCurrentTree Finishing
31 silly loadShrinkwrap Starting
32 silly install loadShrinkwrap
33 silly loadShrinkwrap Finishing
34 silly loadAllDepsIntoIdealTree Starting
35 silly install loadAllDepsIntoIdealTree
36 silly resolveWithNewModule rpi-dht-sensor@0.1.1 checking installable status
37 silly cache add args [ 'rpi-dht-sensor', null ]
38 verbose cache add spec rpi-dht-sensor
39 silly cache add parsed spec Result {
39 silly cache add   raw: 'rpi-dht-sensor',
39 silly cache add   scope: null,
39 silly cache add   escapedName: 'rpi-dht-sensor',
39 silly cache add   name: 'rpi-dht-sensor',
39 silly cache add   rawSpec: '',
39 silly cache add   spec: 'latest',
39 silly cache add   type: 'tag' }
40 silly addNamed rpi-dht-sensor@latest
41 verbose addNamed "latest" is being treated as a dist-tag for rpi-dht-sensor
42 info addNameTag [ 'rpi-dht-sensor', 'latest' ]
43 silly mapToRegistry name rpi-dht-sensor
44 silly mapToRegistry using default registry
45 silly mapToRegistry registry https://registry.npmjs.org/
46 silly mapToRegistry data Result {
46 silly mapToRegistry   raw: 'rpi-dht-sensor',
46 silly mapToRegistry   scope: null,
46 silly mapToRegistry   escapedName: 'rpi-dht-sensor',
46 silly mapToRegistry   name: 'rpi-dht-sensor',
46 silly mapToRegistry   rawSpec: '',
46 silly mapToRegistry   spec: 'latest',
46 silly mapToRegistry   type: 'tag' }
47 silly mapToRegistry uri https://registry.npmjs.org/rpi-dht-sensor
48 verbose addNameTag registry:https://registry.npmjs.org/rpi-dht-sensor not in flight; fetching
49 verbose get https://registry.npmjs.org/rpi-dht-sensor not expired, no request
50 silly addNameTag next cb for rpi-dht-sensor with tag latest
51 silly addNamed rpi-dht-sensor@0.1.1
52 verbose addNamed "0.1.1" is a plain semver version for rpi-dht-sensor
53 silly mapToRegistry name rpi-dht-sensor
54 silly mapToRegistry using default registry
55 silly mapToRegistry registry https://registry.npmjs.org/
56 silly mapToRegistry data Result {
56 silly mapToRegistry   raw: 'rpi-dht-sensor',
56 silly mapToRegistry   scope: null,
56 silly mapToRegistry   escapedName: 'rpi-dht-sensor',
56 silly mapToRegistry   name: 'rpi-dht-sensor',
56 silly mapToRegistry   rawSpec: '',
56 silly mapToRegistry   spec: 'latest',
56 silly mapToRegistry   type: 'tag' }
57 silly mapToRegistry uri https://registry.npmjs.org/rpi-dht-sensor
58 verbose addRemoteTarball https://registry.npmjs.org/rpi-dht-sensor/-/rpi-dht-sensor-0.1.1.tgz not in flight; adding
59 verbose addRemoteTarball [ 'https://registry.npmjs.org/rpi-dht-sensor/-/rpi-dht-sensor-0.1.1.tgz',
59 verbose addRemoteTarball   '40212385010883623ae094a51e7a7a853d042680' ]
60 info retry fetch attempt 1 at 11:53:30 PM
61 info attempt registry request try #1 at 11:53:30 PM
62 http fetch GET https://registry.npmjs.org/rpi-dht-sensor/-/rpi-dht-sensor-0.1.1.tgz
63 http fetch 200 https://registry.npmjs.org/rpi-dht-sensor/-/rpi-dht-sensor-0.1.1.tgz
64 silly fetchAndShaCheck shasum 40212385010883623ae094a51e7a7a853d042680
65 verbose addTmpTarball C:\Users\dougl\AppData\Local\Temp\npm-10948-e9b1c4a2\registry.npmjs.org\rpi-dht-sensor\-\rpi-dht-sensor-0.1.1.tgz not in flight; adding
66 verbose addTmpTarball already have metadata; skipping unpack for rpi-dht-sensor@0.1.1
67 verbose correctMkdir C:\Users\dougl\AppData\Roaming\npm-cache correctMkdir not in flight; initializing
68 silly cache afterAdd rpi-dht-sensor@0.1.1
69 verbose afterAdd C:\Users\dougl\AppData\Roaming\npm-cache\rpi-dht-sensor\0.1.1\package\package.json not in flight; writing
70 verbose correctMkdir C:\Users\dougl\AppData\Roaming\npm-cache correctMkdir not in flight; initializing
71 verbose afterAdd C:\Users\dougl\AppData\Roaming\npm-cache\rpi-dht-sensor\0.1.1\package\package.json written
72 silly fetchNamedPackageData nan
73 silly mapToRegistry name nan
74 silly mapToRegistry using default registry
75 silly mapToRegistry registry https://registry.npmjs.org/
76 silly mapToRegistry data Result {
76 silly mapToRegistry   raw: 'nan',
76 silly mapToRegistry   scope: null,
76 silly mapToRegistry   escapedName: 'nan',
76 silly mapToRegistry   name: 'nan',
76 silly mapToRegistry   rawSpec: '',
76 silly mapToRegistry   spec: 'latest',
76 silly mapToRegistry   type: 'tag' }
77 silly mapToRegistry uri https://registry.npmjs.org/nan
78 silly fetchNamedPackageData bindings
79 silly mapToRegistry name bindings
80 silly mapToRegistry using default registry
81 silly mapToRegistry registry https://registry.npmjs.org/
82 silly mapToRegistry data Result {
82 silly mapToRegistry   raw: 'bindings',
82 silly mapToRegistry   scope: null,
82 silly mapToRegistry   escapedName: 'bindings',
82 silly mapToRegistry   name: 'bindings',
82 silly mapToRegistry   rawSpec: '',
82 silly mapToRegistry   spec: 'latest',
82 silly mapToRegistry   type: 'tag' }
83 silly mapToRegistry uri https://registry.npmjs.org/bindings
84 verbose request uri https://registry.npmjs.org/nan
85 verbose request no auth needed
86 info attempt registry request try #1 at 11:53:30 PM
87 verbose etag W/"597a1ce5-1fa1a"
88 verbose lastModified Thu, 27 Jul 2017 17:03:33 GMT
89 http request GET https://registry.npmjs.org/nan
90 http 304 https://registry.npmjs.org/nan
91 verbose headers { date: 'Fri, 28 Jul 2017 21:53:29 GMT',
91 verbose headers   via: '1.1 varnish',
91 verbose headers   'cache-control': 'max-age=300',
91 verbose headers   etag: 'W/"597a1ce5-1fa1a"',
91 verbose headers   age: '174',
91 verbose headers   connection: 'keep-alive',
91 verbose headers   'x-served-by': 'cache-hhn1520-HHN',
91 verbose headers   'x-cache': 'HIT',
91 verbose headers   'x-cache-hits': '4',
91 verbose headers   'x-timer': 'S1501278809.071177,VS0,VE0',
91 verbose headers   vary: 'Accept-Encoding, Accept' }
92 silly get cb [ 304,
92 silly get   { date: 'Fri, 28 Jul 2017 21:53:29 GMT',
92 silly get     via: '1.1 varnish',
92 silly get     'cache-control': 'max-age=300',
92 silly get     etag: 'W/"597a1ce5-1fa1a"',
92 silly get     age: '174',
92 silly get     connection: 'keep-alive',
92 silly get     'x-served-by': 'cache-hhn1520-HHN',
92 silly get     'x-cache': 'HIT',
92 silly get     'x-cache-hits': '4',
92 silly get     'x-timer': 'S1501278809.071177,VS0,VE0',
92 silly get     vary: 'Accept-Encoding, Accept' } ]
93 verbose etag https://registry.npmjs.org/nan from cache
94 verbose get saving nan to C:\Users\dougl\AppData\Roaming\npm-cache\registry.npmjs.org\nan\.cache.json
95 verbose correctMkdir C:\Users\dougl\AppData\Roaming\npm-cache correctMkdir not in flight; initializing
96 verbose request uri https://registry.npmjs.org/bindings
97 verbose request no auth needed
98 info attempt registry request try #1 at 11:53:30 PM
99 verbose etag W/"59234f99-46bf"
100 verbose lastModified Mon, 22 May 2017 20:52:41 GMT
101 http request GET https://registry.npmjs.org/bindings
102 silly resolveWithNewModule nan@2.6.2 checking installable status
103 silly cache add args [ 'nan@^2.2.0', null ]
104 verbose cache add spec nan@^2.2.0
105 silly cache add parsed spec Result {
105 silly cache add   raw: 'nan@^2.2.0',
105 silly cache add   scope: null,
105 silly cache add   escapedName: 'nan',
105 silly cache add   name: 'nan',
105 silly cache add   rawSpec: '^2.2.0',
105 silly cache add   spec: '>=2.2.0 <3.0.0',
105 silly cache add   type: 'range' }
106 silly addNamed nan@>=2.2.0 <3.0.0
107 verbose addNamed ">=2.2.0 <3.0.0" is a valid semver range for nan
108 silly addNameRange { name: 'nan', range: '>=2.2.0 <3.0.0', hasData: false }
109 silly mapToRegistry name nan
110 silly mapToRegistry using default registry
111 silly mapToRegistry registry https://registry.npmjs.org/
112 silly mapToRegistry data Result {
112 silly mapToRegistry   raw: 'nan',
112 silly mapToRegistry   scope: null,
112 silly mapToRegistry   escapedName: 'nan',
112 silly mapToRegistry   name: 'nan',
112 silly mapToRegistry   rawSpec: '',
112 silly mapToRegistry   spec: 'latest',
112 silly mapToRegistry   type: 'tag' }
113 silly mapToRegistry uri https://registry.npmjs.org/nan
114 verbose addNameRange registry:https://registry.npmjs.org/nan not in flight; fetching
115 verbose get https://registry.npmjs.org/nan not expired, no request
116 silly addNameRange number 2 { name: 'nan', range: '>=2.2.0 <3.0.0', hasData: true }
117 silly addNameRange versions [ 'nan',
117 silly addNameRange   [ '0.3.0-wip',
117 silly addNameRange     '0.3.0-wip2',
117 silly addNameRange     '0.3.0',
117 silly addNameRange     '0.3.1',
117 silly addNameRange     '0.3.2',
117 silly addNameRange     '0.4.0',
117 silly addNameRange     '0.4.1',
117 silly addNameRange     '0.4.2',
117 silly addNameRange     '0.4.3',
117 silly addNameRange     '0.4.4',
117 silly addNameRange     '0.5.0',
117 silly addNameRange     '0.5.1',
117 silly addNameRange     '0.5.2',
117 silly addNameRange     '0.6.0',
117 silly addNameRange     '0.7.0',
117 silly addNameRange     '0.7.1',
117 silly addNameRange     '0.8.0',
117 silly addNameRange     '1.0.0',
117 silly addNameRange     '1.1.0',
117 silly addNameRange     '1.1.1',
117 silly addNameRange     '1.1.2',
117 silly addNameRange     '1.2.0',
117 silly addNameRange     '1.3.0',
117 silly addNameRange     '1.4.0',
117 silly addNameRange     '1.4.1',
117 silly addNameRange     '1.5.0',
117 silly addNameRange     '1.4.2',
117 silly addNameRange     '1.4.3',
117 silly addNameRange     '1.5.1',
117 silly addNameRange     '1.5.2',
117 silly addNameRange     '1.6.0',
117 silly addNameRange     '1.5.3',
117 silly addNameRange     '1.6.1',
117 silly addNameRange     '1.6.2',
117 silly addNameRange     '1.7.0',
117 silly addNameRange     '1.8.0',
117 silly addNameRange     '1.8.1',
117 silly addNameRange     '1.8.2',
117 silly addNameRange     '1.8.3',
117 silly addNameRange     '1.8.4',
117 silly addNameRange     '1.9.0',
117 silly addNameRange     '2.0.0',
117 silly addNameRange     '2.0.1',
117 silly addNameRange     '2.0.2',
117 silly addNameRange     '2.0.3',
117 silly addNameRange     '2.0.4',
117 silly addNameRange     '2.0.5',
117 silly addNameRange     '2.0.6',
117 silly addNameRange     '2.0.7',
117 silly addNameRange     '2.0.8',
117 silly addNameRange     '2.0.9',
117 silly addNameRange     '2.1.0',
117 silly addNameRange     '2.2.0',
117 silly addNameRange     '2.2.1',
117 silly addNameRange     '2.3.0',
117 silly addNameRange     '2.3.1',
117 silly addNameRange     '2.3.2',
117 silly addNameRange     '2.3.3',
117 silly addNameRange     '2.3.4',
117 silly addNameRange     '2.3.5',
117 silly addNameRange     '2.4.0',
117 silly addNameRange     '2.5.0',
117 silly addNameRange     '2.5.1',
117 silly addNameRange     '2.6.0',
117 silly addNameRange     '2.6.1',
117 silly addNameRange     '2.6.2' ] ]
118 silly addNamed nan@2.6.2
119 verbose addNamed "2.6.2" is a plain semver version for nan
120 http 200 https://registry.npmjs.org/bindings
121 verbose headers { server: 'nginx/1.10.1',
121 verbose headers   'content-type': 'application/json',
121 verbose headers   'last-modified': 'Mon, 24 Jul 2017 19:16:08 GMT',
121 verbose headers   etag: 'W/"59764778-4c05"',
121 verbose headers   'content-encoding': 'gzip',
121 verbose headers   'cache-control': 'max-age=300',
121 verbose headers   'content-length': '3835',
121 verbose headers   'accept-ranges': 'bytes',
121 verbose headers   date: 'Fri, 28 Jul 2017 21:53:29 GMT',
121 verbose headers   via: '1.1 varnish',
121 verbose headers   age: '295',
121 verbose headers   connection: 'keep-alive',
121 verbose headers   'x-served-by': 'cache-hhn1520-HHN',
121 verbose headers   'x-cache': 'HIT',
121 verbose headers   'x-cache-hits': '1',
121 verbose headers   'x-timer': 'S1501278809.094056,VS0,VE0',
121 verbose headers   vary: 'Accept-Encoding, Accept' }
122 silly get cb [ 200,
122 silly get   { server: 'nginx/1.10.1',
122 silly get     'content-type': 'application/json',
122 silly get     'last-modified': 'Mon, 24 Jul 2017 19:16:08 GMT',
122 silly get     etag: 'W/"59764778-4c05"',
122 silly get     'content-encoding': 'gzip',
122 silly get     'cache-control': 'max-age=300',
122 silly get     'content-length': '3835',
122 silly get     'accept-ranges': 'bytes',
122 silly get     date: 'Fri, 28 Jul 2017 21:53:29 GMT',
122 silly get     via: '1.1 varnish',
122 silly get     age: '295',
122 silly get     connection: 'keep-alive',
122 silly get     'x-served-by': 'cache-hhn1520-HHN',
122 silly get     'x-cache': 'HIT',
122 silly get     'x-cache-hits': '1',
122 silly get     'x-timer': 'S1501278809.094056,VS0,VE0',
122 silly get     vary: 'Accept-Encoding, Accept' } ]
123 verbose get saving bindings to C:\Users\dougl\AppData\Roaming\npm-cache\registry.npmjs.org\bindings\.cache.json
124 verbose correctMkdir C:\Users\dougl\AppData\Roaming\npm-cache correctMkdir not in flight; initializing
125 silly cache afterAdd nan@2.6.2
126 verbose afterAdd C:\Users\dougl\AppData\Roaming\npm-cache\nan\2.6.2\package\package.json not in flight; writing
127 verbose correctMkdir C:\Users\dougl\AppData\Roaming\npm-cache correctMkdir not in flight; initializing
128 verbose afterAdd C:\Users\dougl\AppData\Roaming\npm-cache\nan\2.6.2\package\package.json written
129 silly resolveWithNewModule bindings@1.3.0 checking installable status
130 silly cache add args [ 'bindings@^1.2.1', null ]
131 verbose cache add spec bindings@^1.2.1
132 silly cache add parsed spec Result {
132 silly cache add   raw: 'bindings@^1.2.1',
132 silly cache add   scope: null,
132 silly cache add   escapedName: 'bindings',
132 silly cache add   name: 'bindings',
132 silly cache add   rawSpec: '^1.2.1',
132 silly cache add   spec: '>=1.2.1 <2.0.0',
132 silly cache add   type: 'range' }
133 silly addNamed bindings@>=1.2.1 <2.0.0
134 verbose addNamed ">=1.2.1 <2.0.0" is a valid semver range for bindings
135 silly addNameRange { name: 'bindings', range: '>=1.2.1 <2.0.0', hasData: false }
136 silly mapToRegistry name bindings
137 silly mapToRegistry using default registry
138 silly mapToRegistry registry https://registry.npmjs.org/
139 silly mapToRegistry data Result {
139 silly mapToRegistry   raw: 'bindings',
139 silly mapToRegistry   scope: null,
139 silly mapToRegistry   escapedName: 'bindings',
139 silly mapToRegistry   name: 'bindings',
139 silly mapToRegistry   rawSpec: '',
139 silly mapToRegistry   spec: 'latest',
139 silly mapToRegistry   type: 'tag' }
140 silly mapToRegistry uri https://registry.npmjs.org/bindings
141 verbose addNameRange registry:https://registry.npmjs.org/bindings not in flight; fetching
142 verbose get https://registry.npmjs.org/bindings not expired, no request
143 silly addNameRange number 2 { name: 'bindings', range: '>=1.2.1 <2.0.0', hasData: true }
144 silly addNameRange versions [ 'bindings',
144 silly addNameRange   [ '0.0.1',
144 silly addNameRange     '0.1.0',
144 silly addNameRange     '0.1.1',
144 silly addNameRange     '0.2.0',
144 silly addNameRange     '0.2.1',
144 silly addNameRange     '0.2.2',
144 silly addNameRange     '0.2.3',
144 silly addNameRange     '0.2.4',
144 silly addNameRange     '0.3.0',
144 silly addNameRange     '0.4.0',
144 silly addNameRange     '1.0.0',
144 silly addNameRange     '1.1.0',
144 silly addNameRange     '1.1.1',
144 silly addNameRange     '1.2.0',
144 silly addNameRange     '1.2.1',
144 silly addNameRange     '1.3.0' ] ]
145 silly addNamed bindings@1.3.0
146 verbose addNamed "1.3.0" is a plain semver version for bindings
147 silly mapToRegistry name bindings
148 silly mapToRegistry using default registry
149 silly mapToRegistry registry https://registry.npmjs.org/
150 silly mapToRegistry data Result {
150 silly mapToRegistry   raw: 'bindings',
150 silly mapToRegistry   scope: null,
150 silly mapToRegistry   escapedName: 'bindings',
150 silly mapToRegistry   name: 'bindings',
150 silly mapToRegistry   rawSpec: '',
150 silly mapToRegistry   spec: 'latest',
150 silly mapToRegistry   type: 'tag' }
151 silly mapToRegistry uri https://registry.npmjs.org/bindings
152 verbose addRemoteTarball https://registry.npmjs.org/bindings/-/bindings-1.3.0.tgz not in flight; adding
153 verbose addRemoteTarball [ 'https://registry.npmjs.org/bindings/-/bindings-1.3.0.tgz',
153 verbose addRemoteTarball   'b346f6ecf6a95f5a815c5839fc7cdb22502f1ed7' ]
154 info retry fetch attempt 1 at 11:53:30 PM
155 info attempt registry request try #1 at 11:53:30 PM
156 http fetch GET https://registry.npmjs.org/bindings/-/bindings-1.3.0.tgz
157 http fetch 200 https://registry.npmjs.org/bindings/-/bindings-1.3.0.tgz
158 silly fetchAndShaCheck shasum b346f6ecf6a95f5a815c5839fc7cdb22502f1ed7
159 verbose addTmpTarball C:\Users\dougl\AppData\Local\Temp\npm-10948-e9b1c4a2\registry.npmjs.org\bindings\-\bindings-1.3.0.tgz not in flight; adding
160 verbose addTmpTarball already have metadata; skipping unpack for bindings@1.3.0
161 verbose correctMkdir C:\Users\dougl\AppData\Roaming\npm-cache correctMkdir not in flight; initializing
162 silly cache afterAdd bindings@1.3.0
163 verbose afterAdd C:\Users\dougl\AppData\Roaming\npm-cache\bindings\1.3.0\package\package.json not in flight; writing
164 verbose correctMkdir C:\Users\dougl\AppData\Roaming\npm-cache correctMkdir not in flight; initializing
165 verbose afterAdd C:\Users\dougl\AppData\Roaming\npm-cache\bindings\1.3.0\package\package.json written
166 silly loadAllDepsIntoIdealTree Finishing
167 silly loadIdealTree Finishing
168 silly currentTree expressjs-static-boilerplate@0.0.1
168 silly currentTree +-- ajv@4.11.8
168 silly currentTree +-- asn1@0.2.3
168 silly currentTree +-- assert-plus@0.2.0
168 silly currentTree +-- asynckit@0.4.0
168 silly currentTree +-- aws-sign2@0.6.0
168 silly currentTree +-- aws4@1.6.0
168 silly currentTree +-- bcrypt-pbkdf@1.0.1
168 silly currentTree +-- boom@2.10.1
168 silly currentTree +-- caseless@0.12.0
168 silly currentTree +-- co@4.6.0
168 silly currentTree +-- combined-stream@1.0.5
168 silly currentTree +-- cryptiles@2.0.5
168 silly currentTree +-- dashdash@1.14.1
168 silly currentTree | `-- assert-plus@1.0.0
168 silly currentTree +-- delayed-stream@1.0.0
168 silly currentTree +-- ecc-jsbn@0.1.1
168 silly currentTree +-- extend@3.0.1
168 silly currentTree +-- extsprintf@1.0.2
168 silly currentTree +-- forever-agent@0.6.1
168 silly currentTree +-- form-data@2.1.4
168 silly currentTree +-- getpass@0.1.7
168 silly currentTree | `-- assert-plus@1.0.0
168 silly currentTree +-- har-schema@1.0.5
168 silly currentTree +-- har-validator@4.2.1
168 silly currentTree +-- hawk@3.1.3
168 silly currentTree +-- hoek@2.16.3
168 silly currentTree +-- http-signature@1.1.1
168 silly currentTree +-- is-typedarray@1.0.0
168 silly currentTree +-- isstream@0.1.2
168 silly currentTree +-- jsbn@0.1.1
168 silly currentTree +-- json-schema@0.2.3
168 silly currentTree +-- json-stable-stringify@1.0.1
168 silly currentTree +-- json-stringify-safe@5.0.1
168 silly currentTree +-- jsonify@0.0.0
168 silly currentTree +-- jsprim@1.4.0
168 silly currentTree | `-- assert-plus@1.0.0
168 silly currentTree +-- mime-db@1.27.0
168 silly currentTree +-- mime-types@2.1.15
168 silly currentTree +-- node-cron@1.2.0
168 silly currentTree +-- oauth-sign@0.8.2
168 silly currentTree +-- performance-now@0.2.0
168 silly currentTree +-- punycode@1.4.1
168 silly currentTree +-- qs@6.4.0
168 silly currentTree +-- request@2.81.0
168 silly currentTree +-- safe-buffer@5.1.1
168 silly currentTree +-- sntp@1.0.9
168 silly currentTree +-- sshpk@1.13.1
168 silly currentTree | `-- assert-plus@1.0.0
168 silly currentTree +-- stringstream@0.0.5
168 silly currentTree +-- temp-units-conv@0.1.2
168 silly currentTree +-- tough-cookie@2.3.2
168 silly currentTree +-- tunnel-agent@0.6.0
168 silly currentTree +-- tweetnacl@0.14.5
168 silly currentTree +-- uuid@3.1.0
168 silly currentTree `-- verror@1.3.6
169 silly idealTree expressjs-static-boilerplate@0.0.1
169 silly idealTree +-- ajv@4.11.8
169 silly idealTree +-- asn1@0.2.3
169 silly idealTree +-- assert-plus@0.2.0
169 silly idealTree +-- asynckit@0.4.0
169 silly idealTree +-- aws-sign2@0.6.0
169 silly idealTree +-- aws4@1.6.0
169 silly idealTree +-- bcrypt-pbkdf@1.0.1
169 silly idealTree +-- bindings@1.3.0
169 silly idealTree +-- boom@2.10.1
169 silly idealTree +-- caseless@0.12.0
169 silly idealTree +-- co@4.6.0
169 silly idealTree +-- combined-stream@1.0.5
169 silly idealTree +-- cryptiles@2.0.5
169 silly idealTree +-- dashdash@1.14.1
169 silly idealTree | `-- assert-plus@1.0.0
169 silly idealTree +-- delayed-stream@1.0.0
169 silly idealTree +-- ecc-jsbn@0.1.1
169 silly idealTree +-- extend@3.0.1
169 silly idealTree +-- extsprintf@1.0.2
169 silly idealTree +-- forever-agent@0.6.1
169 silly idealTree +-- form-data@2.1.4
169 silly idealTree +-- getpass@0.1.7
169 silly idealTree | `-- assert-plus@1.0.0
169 silly idealTree +-- har-schema@1.0.5
169 silly idealTree +-- har-validator@4.2.1
169 silly idealTree +-- hawk@3.1.3
169 silly idealTree +-- hoek@2.16.3
169 silly idealTree +-- http-signature@1.1.1
169 silly idealTree +-- is-typedarray@1.0.0
169 silly idealTree +-- isstream@0.1.2
169 silly idealTree +-- jsbn@0.1.1
169 silly idealTree +-- json-schema@0.2.3
169 silly idealTree +-- json-stable-stringify@1.0.1
169 silly idealTree +-- json-stringify-safe@5.0.1
169 silly idealTree +-- jsonify@0.0.0
169 silly idealTree +-- jsprim@1.4.0
169 silly idealTree | `-- assert-plus@1.0.0
169 silly idealTree +-- mime-db@1.27.0
169 silly idealTree +-- mime-types@2.1.15
169 silly idealTree +-- nan@2.6.2
169 silly idealTree +-- node-cron@1.2.0
169 silly idealTree +-- oauth-sign@0.8.2
169 silly idealTree +-- performance-now@0.2.0
169 silly idealTree +-- punycode@1.4.1
169 silly idealTree +-- qs@6.4.0
169 silly idealTree +-- request@2.81.0
169 silly idealTree +-- rpi-dht-sensor@0.1.1
169 silly idealTree +-- safe-buffer@5.1.1
169 silly idealTree +-- sntp@1.0.9
169 silly idealTree +-- sshpk@1.13.1
169 silly idealTree | `-- assert-plus@1.0.0
169 silly idealTree +-- stringstream@0.0.5
169 silly idealTree +-- temp-units-conv@0.1.2
169 silly idealTree +-- tough-cookie@2.3.2
169 silly idealTree +-- tunnel-agent@0.6.0
169 silly idealTree +-- tweetnacl@0.14.5
169 silly idealTree +-- uuid@3.1.0
169 silly idealTree `-- verror@1.3.6
170 silly generateActionsToTake Starting
171 silly install generateActionsToTake
172 silly generateActionsToTake Finishing
173 silly diffTrees action count 3
174 silly diffTrees add bindings@1.3.0
175 silly diffTrees add nan@2.6.2
176 silly diffTrees add rpi-dht-sensor@0.1.1
177 silly decomposeActions action count 24
178 silly decomposeActions fetch bindings@1.3.0
179 silly decomposeActions extract bindings@1.3.0
180 silly decomposeActions test bindings@1.3.0
181 silly decomposeActions preinstall bindings@1.3.0
182 silly decomposeActions build bindings@1.3.0
183 silly decomposeActions install bindings@1.3.0
184 silly decomposeActions postinstall bindings@1.3.0
185 silly decomposeActions finalize bindings@1.3.0
186 silly decomposeActions fetch nan@2.6.2
187 silly decomposeActions extract nan@2.6.2
188 silly decomposeActions test nan@2.6.2
189 silly decomposeActions preinstall nan@2.6.2
190 silly decomposeActions build nan@2.6.2
191 silly decomposeActions install nan@2.6.2
192 silly decomposeActions postinstall nan@2.6.2
193 silly decomposeActions finalize nan@2.6.2
194 silly decomposeActions fetch rpi-dht-sensor@0.1.1
195 silly decomposeActions extract rpi-dht-sensor@0.1.1
196 silly decomposeActions test rpi-dht-sensor@0.1.1
197 silly decomposeActions preinstall rpi-dht-sensor@0.1.1
198 silly decomposeActions build rpi-dht-sensor@0.1.1
199 silly decomposeActions install rpi-dht-sensor@0.1.1
200 silly decomposeActions postinstall rpi-dht-sensor@0.1.1
201 silly decomposeActions finalize rpi-dht-sensor@0.1.1
202 silly runTopLevelLifecycles Starting
203 silly executeActions Starting
204 silly install executeActions
205 silly doSerial global-install 0
206 silly doParallel fetch 3
207 verbose correctMkdir C:\Users\dougl\AppData\Roaming\npm-cache\_locks correctMkdir not in flight; initializing
208 verbose lock using C:\Users\dougl\AppData\Roaming\npm-cache\_locks\staging-c2beb30500fc8572.lock for C:\Users\dougl\OneDrive\Dev\dougs-home\node_modules\.staging
209 silly doParallel extract 3
210 silly extract bindings@1.3.0
211 silly extract nan@2.6.2
212 silly extract rpi-dht-sensor@0.1.1
213 verbose unbuild node_modules\.staging\bindings-b7a0c4c8
214 verbose unbuild node_modules\.staging\nan-bd0ae9fe
215 verbose unbuild node_modules\.staging\rpi-dht-sensor-1aa8dd11
216 silly gentlyRm C:\Users\dougl\OneDrive\Dev\dougs-home\node_modules\.staging\bindings-b7a0c4c8 is being purged from base C:\Users\dougl\OneDrive\Dev\dougs-home
217 verbose gentlyRm don't care about contents; nuking C:\Users\dougl\OneDrive\Dev\dougs-home\node_modules\.staging\bindings-b7a0c4c8
218 silly gentlyRm C:\Users\dougl\OneDrive\Dev\dougs-home\node_modules\.staging\nan-bd0ae9fe is being purged from base C:\Users\dougl\OneDrive\Dev\dougs-home
219 verbose gentlyRm don't care about contents; nuking C:\Users\dougl\OneDrive\Dev\dougs-home\node_modules\.staging\nan-bd0ae9fe
220 silly gentlyRm C:\Users\dougl\OneDrive\Dev\dougs-home\node_modules\.staging\rpi-dht-sensor-1aa8dd11 is being purged from base C:\Users\dougl\OneDrive\Dev\dougs-home
221 verbose gentlyRm don't care about contents; nuking C:\Users\dougl\OneDrive\Dev\dougs-home\node_modules\.staging\rpi-dht-sensor-1aa8dd11
222 verbose tar unpack C:\Users\dougl\AppData\Roaming\npm-cache\bindings\1.3.0\package.tgz
223 verbose tar unpacking to C:\Users\dougl\OneDrive\Dev\dougs-home\node_modules\.staging\bindings-b7a0c4c8
224 silly gentlyRm C:\Users\dougl\OneDrive\Dev\dougs-home\node_modules\.staging\bindings-b7a0c4c8 is being purged
225 verbose gentlyRm don't care about contents; nuking C:\Users\dougl\OneDrive\Dev\dougs-home\node_modules\.staging\bindings-b7a0c4c8
226 verbose tar unpack C:\Users\dougl\AppData\Roaming\npm-cache\nan\2.6.2\package.tgz
227 verbose tar unpacking to C:\Users\dougl\OneDrive\Dev\dougs-home\node_modules\.staging\nan-bd0ae9fe
228 silly gentlyRm C:\Users\dougl\OneDrive\Dev\dougs-home\node_modules\.staging\nan-bd0ae9fe is being purged
229 verbose gentlyRm don't care about contents; nuking C:\Users\dougl\OneDrive\Dev\dougs-home\node_modules\.staging\nan-bd0ae9fe
230 verbose tar unpack C:\Users\dougl\AppData\Roaming\npm-cache\rpi-dht-sensor\0.1.1\package.tgz
231 verbose tar unpacking to C:\Users\dougl\OneDrive\Dev\dougs-home\node_modules\.staging\rpi-dht-sensor-1aa8dd11
232 silly gentlyRm C:\Users\dougl\OneDrive\Dev\dougs-home\node_modules\.staging\rpi-dht-sensor-1aa8dd11 is being purged
233 verbose gentlyRm don't care about contents; nuking C:\Users\dougl\OneDrive\Dev\dougs-home\node_modules\.staging\rpi-dht-sensor-1aa8dd11
234 silly gunzTarPerm modes [ '777', '666' ]
235 silly gunzTarPerm modes [ '777', '666' ]
236 silly gunzTarPerm modes [ '777', '666' ]
237 silly gunzTarPerm extractEntry package.json
238 silly gunzTarPerm modified mode [ 'package.json', 420, 438 ]
239 silly gunzTarPerm extractEntry package.json
240 silly gunzTarPerm modified mode [ 'package.json', 436, 438 ]
241 silly gunzTarPerm extractEntry package.json
242 silly gunzTarPerm extractEntry README.md
243 silly gunzTarPerm modified mode [ 'README.md', 420, 438 ]
244 silly gunzTarPerm extractEntry bindings.js
245 silly gunzTarPerm modified mode [ 'bindings.js', 420, 438 ]
246 silly gunzTarPerm extractEntry README.md
247 silly gunzTarPerm modified mode [ 'README.md', 436, 438 ]
248 silly gunzTarPerm extractEntry .npmignore
249 silly gunzTarPerm extractEntry README.md
250 silly gunzTarPerm extractEntry include_dirs.js
251 silly gunzTarPerm modified mode [ 'include_dirs.js', 436, 438 ]
252 silly gunzTarPerm extractEntry LICENSE
253 silly gunzTarPerm extractEntry main.js
254 silly gunzTarPerm extractEntry binding.gyp
255 silly gunzTarPerm extractEntry src/bcm2835.c
256 silly gunzTarPerm extractEntry nan_converters_43_inl.h
257 silly gunzTarPerm modified mode [ 'nan_converters_43_inl.h', 436, 438 ]
258 silly gunzTarPerm extractEntry LICENSE.md
259 silly gunzTarPerm modified mode [ 'LICENSE.md', 436, 438 ]
260 silly gunzTarPerm extractEntry doc/new.md
261 silly gunzTarPerm modified mode [ 'doc/new.md', 436, 438 ]
262 silly gunzTarPerm extractEntry doc/asyncworker.md
263 silly gunzTarPerm modified mode [ 'doc/asyncworker.md', 436, 438 ]
264 silly gunzTarPerm extractEntry src/bcm2835.h
265 silly gunzTarPerm extractEntry doc/callback.md
266 silly gunzTarPerm modified mode [ 'doc/callback.md', 436, 438 ]
267 silly gunzTarPerm extractEntry doc/converters.md
268 silly gunzTarPerm modified mode [ 'doc/converters.md', 436, 438 ]
269 silly gunzTarPerm extractEntry src/node-dht-sensor.cpp
270 silly gunzTarPerm extractEntry doc/errors.md
271 silly gunzTarPerm modified mode [ 'doc/errors.md', 436, 438 ]
272 silly gunzTarPerm extractEntry doc/json.md
273 silly gunzTarPerm modified mode [ 'doc/json.md', 436, 438 ]
274 silly gentlyRm C:\Users\dougl\OneDrive\Dev\dougs-home\node_modules\.staging\bindings-b7a0c4c8\node_modules is being purged
275 verbose gentlyRm don't care about contents; nuking C:\Users\dougl\OneDrive\Dev\dougs-home\node_modules\.staging\bindings-b7a0c4c8\node_modules
276 silly gunzTarPerm extractEntry doc/maybe_types.md
277 silly gunzTarPerm modified mode [ 'doc/maybe_types.md', 436, 438 ]
278 silly gunzTarPerm extractEntry doc/methods.md
279 silly gunzTarPerm modified mode [ 'doc/methods.md', 436, 438 ]
280 silly gunzTarPerm extractEntry doc/buffers.md
281 silly gunzTarPerm modified mode [ 'doc/buffers.md', 436, 438 ]
282 silly gunzTarPerm extractEntry doc/node_misc.md
283 silly gunzTarPerm modified mode [ 'doc/node_misc.md', 436, 438 ]
284 silly gunzTarPerm extractEntry doc/object_wrappers.md
285 silly gunzTarPerm modified mode [ 'doc/object_wrappers.md', 436, 438 ]
286 silly gunzTarPerm extractEntry doc/persistent.md
287 silly gunzTarPerm modified mode [ 'doc/persistent.md', 436, 438 ]
288 silly gunzTarPerm extractEntry doc/scopes.md
289 silly gunzTarPerm modified mode [ 'doc/scopes.md', 436, 438 ]
290 silly gunzTarPerm extractEntry doc/script.md
291 silly gunzTarPerm modified mode [ 'doc/script.md', 436, 438 ]
292 silly gunzTarPerm extractEntry doc/string_bytes.md
293 silly gunzTarPerm modified mode [ 'doc/string_bytes.md', 436, 438 ]
294 silly gunzTarPerm extractEntry doc/v8_internals.md
295 silly gunzTarPerm modified mode [ 'doc/v8_internals.md', 436, 438 ]
296 silly gunzTarPerm extractEntry doc/v8_misc.md
297 silly gunzTarPerm modified mode [ 'doc/v8_misc.md', 436, 438 ]
298 silly gunzTarPerm extractEntry nan.h
299 silly gunzTarPerm modified mode [ 'nan.h', 436, 438 ]
300 silly gentlyRm C:\Users\dougl\OneDrive\Dev\dougs-home\node_modules\.staging\rpi-dht-sensor-1aa8dd11\node_modules is being purged
301 verbose gentlyRm don't care about contents; nuking C:\Users\dougl\OneDrive\Dev\dougs-home\node_modules\.staging\rpi-dht-sensor-1aa8dd11\node_modules
302 silly gunzTarPerm extractEntry nan_callbacks.h
303 silly gunzTarPerm modified mode [ 'nan_callbacks.h', 436, 438 ]
304 silly gunzTarPerm extractEntry nan_callbacks_12_inl.h
305 silly gunzTarPerm modified mode [ 'nan_callbacks_12_inl.h', 436, 438 ]
306 silly gunzTarPerm extractEntry nan_callbacks_pre_12_inl.h
307 silly gunzTarPerm modified mode [ 'nan_callbacks_pre_12_inl.h', 436, 438 ]
308 silly gunzTarPerm extractEntry nan_converters.h
309 silly gunzTarPerm modified mode [ 'nan_converters.h', 436, 438 ]
310 silly gunzTarPerm extractEntry nan_converters_pre_43_inl.h
311 silly gunzTarPerm modified mode [ 'nan_converters_pre_43_inl.h', 436, 438 ]
312 silly gunzTarPerm extractEntry nan_implementation_12_inl.h
313 silly gunzTarPerm modified mode [ 'nan_implementation_12_inl.h', 436, 438 ]
314 silly gunzTarPerm extractEntry nan_implementation_pre_12_inl.h
315 silly gunzTarPerm modified mode [ 'nan_implementation_pre_12_inl.h', 436, 438 ]
316 silly gunzTarPerm extractEntry nan_json.h
317 silly gunzTarPerm modified mode [ 'nan_json.h', 436, 438 ]
318 silly gunzTarPerm extractEntry nan_maybe_43_inl.h
319 silly gunzTarPerm modified mode [ 'nan_maybe_43_inl.h', 436, 438 ]
320 silly gunzTarPerm extractEntry nan_maybe_pre_43_inl.h
321 silly gunzTarPerm modified mode [ 'nan_maybe_pre_43_inl.h', 436, 438 ]
322 silly gunzTarPerm extractEntry nan_new.h
323 silly gunzTarPerm modified mode [ 'nan_new.h', 436, 438 ]
324 silly gunzTarPerm extractEntry nan_object_wrap.h
325 silly gunzTarPerm modified mode [ 'nan_object_wrap.h', 436, 438 ]
326 silly gunzTarPerm extractEntry nan_persistent_12_inl.h
327 silly gunzTarPerm modified mode [ 'nan_persistent_12_inl.h', 436, 438 ]
328 silly gunzTarPerm extractEntry nan_persistent_pre_12_inl.h
329 silly gunzTarPerm modified mode [ 'nan_persistent_pre_12_inl.h', 436, 438 ]
330 silly gunzTarPerm extractEntry nan_private.h
331 silly gunzTarPerm modified mode [ 'nan_private.h', 436, 438 ]
332 silly gunzTarPerm extractEntry nan_string_bytes.h
333 silly gunzTarPerm modified mode [ 'nan_string_bytes.h', 436, 438 ]
334 silly gunzTarPerm extractEntry nan_typedarray_contents.h
335 silly gunzTarPerm modified mode [ 'nan_typedarray_contents.h', 436, 438 ]
336 silly gunzTarPerm extractEntry nan_weak.h
337 silly gunzTarPerm modified mode [ 'nan_weak.h', 436, 438 ]
338 silly gunzTarPerm extractEntry CHANGELOG.md
339 silly gunzTarPerm modified mode [ 'CHANGELOG.md', 436, 438 ]
340 silly gunzTarPerm extractEntry tools/package.json
341 silly gunzTarPerm modified mode [ 'tools/package.json', 436, 438 ]
342 silly gunzTarPerm extractEntry tools/README.md
343 silly gunzTarPerm modified mode [ 'tools/README.md', 436, 438 ]
344 silly gunzTarPerm extractEntry tools/1to2.js
345 silly gunzTarPerm modified mode [ 'tools/1to2.js', 509, 511 ]
346 silly gentlyRm C:\Users\dougl\OneDrive\Dev\dougs-home\node_modules\.staging\nan-bd0ae9fe\node_modules is being purged
347 verbose gentlyRm don't care about contents; nuking C:\Users\dougl\OneDrive\Dev\dougs-home\node_modules\.staging\nan-bd0ae9fe\node_modules
348 silly doParallel preinstall 3
349 silly preinstall bindings@1.3.0 C:\Users\dougl\OneDrive\Dev\dougs-home\node_modules\.staging\bindings-b7a0c4c8
350 info lifecycle bindings@1.3.0~preinstall: bindings@1.3.0
351 silly preinstall nan@2.6.2 C:\Users\dougl\OneDrive\Dev\dougs-home\node_modules\.staging\nan-bd0ae9fe
352 info lifecycle nan@2.6.2~preinstall: nan@2.6.2
353 silly preinstall rpi-dht-sensor@0.1.1 C:\Users\dougl\OneDrive\Dev\dougs-home\node_modules\.staging\rpi-dht-sensor-1aa8dd11
354 info lifecycle rpi-dht-sensor@0.1.1~preinstall: rpi-dht-sensor@0.1.1
355 silly lifecycle bindings@1.3.0~preinstall: no script for preinstall, continuing
356 silly lifecycle nan@2.6.2~preinstall: no script for preinstall, continuing
357 silly lifecycle rpi-dht-sensor@0.1.1~preinstall: no script for preinstall, continuing
358 silly doReverseSerial remove 0
359 silly doSerial move 0
360 silly doSerial finalize 3
361 silly finalize C:\Users\dougl\OneDrive\Dev\dougs-home\node_modules\bindings
362 silly finalize C:\Users\dougl\OneDrive\Dev\dougs-home\node_modules\nan
363 silly finalize C:\Users\dougl\OneDrive\Dev\dougs-home\node_modules\rpi-dht-sensor
364 silly doSerial build 3
365 silly build bindings@1.3.0
366 info linkStuff bindings@1.3.0
367 silly linkStuff bindings@1.3.0 has C:\Users\dougl\OneDrive\Dev\dougs-home\node_modules as its parent node_modules
368 verbose linkBins bindings@1.3.0
369 verbose linkMans bindings@1.3.0
370 silly build nan@2.6.2
371 info linkStuff nan@2.6.2
372 silly linkStuff nan@2.6.2 has C:\Users\dougl\OneDrive\Dev\dougs-home\node_modules as its parent node_modules
373 verbose linkBins nan@2.6.2
374 verbose linkMans nan@2.6.2
375 silly build rpi-dht-sensor@0.1.1
376 info linkStuff rpi-dht-sensor@0.1.1
377 silly linkStuff rpi-dht-sensor@0.1.1 has C:\Users\dougl\OneDrive\Dev\dougs-home\node_modules as its parent node_modules
378 verbose linkBins rpi-dht-sensor@0.1.1
379 verbose linkMans rpi-dht-sensor@0.1.1
380 silly doSerial global-link 0
381 silly doParallel update-linked 0
382 silly doSerial install 3
383 silly install bindings@1.3.0 C:\Users\dougl\OneDrive\Dev\dougs-home\node_modules\.staging\bindings-b7a0c4c8
384 info lifecycle bindings@1.3.0~install: bindings@1.3.0
385 silly lifecycle bindings@1.3.0~install: no script for install, continuing
386 silly install nan@2.6.2 C:\Users\dougl\OneDrive\Dev\dougs-home\node_modules\.staging\nan-bd0ae9fe
387 info lifecycle nan@2.6.2~install: nan@2.6.2
388 silly lifecycle nan@2.6.2~install: no script for install, continuing
389 silly install rpi-dht-sensor@0.1.1 C:\Users\dougl\OneDrive\Dev\dougs-home\node_modules\.staging\rpi-dht-sensor-1aa8dd11
390 info lifecycle rpi-dht-sensor@0.1.1~install: rpi-dht-sensor@0.1.1
391 verbose lifecycle rpi-dht-sensor@0.1.1~install: unsafe-perm in lifecycle true
392 verbose lifecycle rpi-dht-sensor@0.1.1~install: PATH: C:\Program Files\nodejs\node_modules\npm\bin\node-gyp-bin;C:\Users\dougl\OneDrive\Dev\dougs-home\node_modules\rpi-dht-sensor\node_modules\.bin;C:\Users\dougl\OneDrive\Dev\dougs-home\node_modules\.bin;C:\Program Files (x86)\NVIDIA Corporation\PhysX\Common;C:\WINDOWS\system32;C:\WINDOWS;C:\WINDOWS\System32\Wbem;C:\WINDOWS\System32\WindowsPowerShell\v1.0\;C:\Program Files (x86)\PuTTY\;C:\Program Files\nodejs\;C:\Program Files\Git\cmd;C:\Users\dougl\AppData\Local\Programs\Python\Python36\Scripts\;C:\Users\dougl\AppData\Local\Programs\Python\Python36\;C:\Users\dougl\AppData\Local\Microsoft\WindowsApps;C:\Users\dougl\AppData\Roaming\npm;C:\Program Files\Heroku\bin;
393 verbose lifecycle rpi-dht-sensor@0.1.1~install: CWD: C:\Users\dougl\OneDrive\Dev\dougs-home\node_modules\rpi-dht-sensor
394 silly lifecycle rpi-dht-sensor@0.1.1~install: Args: [ '/d /s /c', 'node-gyp rebuild' ]
395 silly lifecycle rpi-dht-sensor@0.1.1~install: Returned: code: 1  signal: null
396 info lifecycle rpi-dht-sensor@0.1.1~install: Failed to exec install script
397 verbose unlock done using C:\Users\dougl\AppData\Roaming\npm-cache\_locks\staging-c2beb30500fc8572.lock for C:\Users\dougl\OneDrive\Dev\dougs-home\node_modules\.staging
398 silly rollbackFailedOptional Starting
399 silly rollbackFailedOptional Finishing
400 silly runTopLevelLifecycles Finishing
401 silly install printInstalled
402 verbose stack Error: rpi-dht-sensor@0.1.1 install: `node-gyp rebuild`
402 verbose stack Exit status 1
402 verbose stack     at EventEmitter.<anonymous> (C:\Program Files\nodejs\node_modules\npm\lib\utils\lifecycle.js:255:16)
402 verbose stack     at emitTwo (events.js:106:13)
402 verbose stack     at EventEmitter.emit (events.js:191:7)
402 verbose stack     at ChildProcess.<anonymous> (C:\Program Files\nodejs\node_modules\npm\lib\utils\spawn.js:40:14)
402 verbose stack     at emitTwo (events.js:106:13)
402 verbose stack     at ChildProcess.emit (events.js:191:7)
402 verbose stack     at maybeClose (internal/child_process.js:877:16)
402 verbose stack     at Process.ChildProcess._handle.onexit (internal/child_process.js:226:5)
403 verbose pkgid rpi-dht-sensor@0.1.1
404 verbose cwd C:\Users\dougl\OneDrive\Dev\dougs-home
405 error Windows_NT 10.0.15063
406 error argv "C:\\Program Files\\nodejs\\node.exe" "C:\\Program Files\\nodejs\\node_modules\\npm\\bin\\npm-cli.js" "install" "rpi-dht-sensor"
407 error node v6.10.0
408 error npm  v3.10.10
409 error code ELIFECYCLE
410 error rpi-dht-sensor@0.1.1 install: `node-gyp rebuild`
410 error Exit status 1
411 error Failed at the rpi-dht-sensor@0.1.1 install script 'node-gyp rebuild'.
411 error Make sure you have the latest version of node.js and npm installed.
411 error If you do, this is most likely a problem with the rpi-dht-sensor package,
411 error not with npm itself.
411 error Tell the author that this fails on your system:
411 error     node-gyp rebuild
411 error You can get information on how to open an issue for this project with:
411 error     npm bugs rpi-dht-sensor
411 error Or if that isn't available, you can get their info via:
411 error     npm owner ls rpi-dht-sensor
411 error There is likely additional logging output above.
412 verbose exit [ 1, true ]
